
starting new session
Error getting next trial number: no such table: meta
Running telemetry display for trial number: 0
Waiting for CAN device to be connected...
Waiting for CAN device to be connected...
Waiting for CAN device to be connected...
Waiting for CAN device to be connected...
Waiting for CAN device to be connected...
Waiting for CAN device to be connected...
Waiting for CAN device to be connected...
Waiting for CAN device to be connected...
Waiting for CAN device to be connected...
Waiting for CAN device to be connected...
Waiting for CAN device to be connected...
Waiting for CAN device to be connected...
Waiting for CAN device to be connected...
Waiting for CAN device to be connected...
Waiting for CAN device to be connected...
Waiting for CAN device to be connected...
Waiting for CAN device to be connected...
Waiting for CAN device to be connected...
Waiting for CAN device to be connected...
Waiting for CAN device to be connected...
Waiting for CAN device to be connected...
Waiting for CAN device to be connected...
Waiting for CAN device to be connected...
Waiting for CAN device to be connected...
Waiting for CAN device to be connected...
Waiting for CAN device to be connected...
Waiting for CAN device to be connected...
Waiting for CAN device to be connected...
Waiting for CAN device to be connected...
Waiting for CAN device to be connected...
Waiting for CAN device to be connected...
Waiting for CAN device to be connected...
Waiting for CAN device to be connected...
Waiting for CAN device to be connected...
Waiting for CAN device to be connected...
Waiting for CAN device to be connected...
Waiting for CAN device to be connected...
Waiting for CAN device to be connected...
Waiting for CAN device to be connected...
Waiting for CAN device to be connected...
Waiting for CAN device to be connected...
Waiting for CAN device to be connected...
Waiting for CAN device to be connected...
Waiting for CAN device to be connected...
Waiting for CAN device to be connected...
Waiting for CAN device to be connected...
Waiting for CAN device to be connected...
Waiting for CAN device to be connected...
Waiting for CAN device to be connected...
Waiting for CAN device to be connected...
Waiting for CAN device to be connected...
Waiting for CAN device to be connected...
Waiting for CAN device to be connected...
Waiting for CAN device to be connected...
Waiting for CAN device to be connected...
CAN device not detected, exiting.
Finished telemetry display for trial number: 0
starting new session
Error getting next trial number: no such table: meta
Running telemetry display for trial number: 0
Waiting for CAN device to be connected...
Waiting for CAN device to be connected...
Waiting for CAN device to be connected...
Waiting for CAN device to be connected...
Waiting for CAN device to be connected...
Waiting for CAN device to be connected...
Waiting for CAN device to be connected...
Waiting for CAN device to be connected...
Waiting for CAN device to be connected...
Waiting for CAN device to be connected...
Waiting for CAN device to be connected...
Waiting for CAN device to be connected...
Waiting for CAN device to be connected...
Waiting for CAN device to be connected...
Waiting for CAN device to be connected...
Waiting for CAN device to be connected...
Waiting for CAN device to be connected...
Waiting for CAN device to be connected...
Waiting for CAN device to be connected...
Waiting for CAN device to be connected...
Waiting for CAN device to be connected...
Waiting for CAN device to be connected...
Waiting for CAN device to be connected...
Waiting for CAN device to be connected...
Waiting for CAN device to be connected...
Waiting for CAN device to be connected...
Waiting for CAN device to be connected...
Waiting for CAN device to be connected...
Waiting for CAN device to be connected...
Waiting for CAN device to be connected...
Waiting for CAN device to be connected...
Waiting for CAN device to be connected...
Waiting for CAN device to be connected...
Waiting for CAN device to be connected...
Waiting for CAN device to be connected...
Waiting for CAN device to be connected...
Waiting for CAN device to be connected...
Waiting for CAN device to be connected...
Waiting for CAN device to be connected...
Waiting for CAN device to be connected...
Waiting for CAN device to be connected...
Waiting for CAN device to be connected...
Waiting for CAN device to be connected...
Waiting for CAN device to be connected...
Waiting for CAN device to be connected...
Waiting for CAN device to be connected...
Waiting for CAN device to be connected...
Waiting for CAN device to be connected...
Waiting for CAN device to be connected...
Waiting for CAN device to be connected...
Waiting for CAN device to be connected...
Waiting for CAN device to be connected...
Waiting for CAN device to be connected...
Waiting for CAN device to be connected...
Waiting for CAN device to be connected...
Waiting for CAN device to be connected...
Waiting for CAN device to be connected...
CAN device not detected, exiting.
Finished telemetry display for trial number: 0
starting new session
Error getting next trial number: no such table: meta
Running telemetry display for trial number: 0
Waiting for CAN device to be connected...
Waiting for CAN device to be connected...
Waiting for CAN device to be connected...
Waiting for CAN device to be connected...
Waiting for CAN device to be connected...
Waiting for CAN device to be connected...
Waiting for CAN device to be connected...
Waiting for CAN device to be connected...
Waiting for CAN device to be connected...
Waiting for CAN device to be connected...
Waiting for CAN device to be connected...
Waiting for CAN device to be connected...
Waiting for CAN device to be connected...
Waiting for CAN device to be connected...
Waiting for CAN device to be connected...
Waiting for CAN device to be connected...
Waiting for CAN device to be connected...
Waiting for CAN device to be connected...
Waiting for CAN device to be connected...
Waiting for CAN device to be connected...
Waiting for CAN device to be connected...
Waiting for CAN device to be connected...
Waiting for CAN device to be connected...
Waiting for CAN device to be connected...
Waiting for CAN device to be connected...
Waiting for CAN device to be connected...
Waiting for CAN device to be connected...
Waiting for CAN device to be connected...
Waiting for CAN device to be connected...
Waiting for CAN device to be connected...
Waiting for CAN device to be connected...
Waiting for CAN device to be connected...
Waiting for CAN device to be connected...
Waiting for CAN device to be connected...
Waiting for CAN device to be connected...
Waiting for CAN device to be connected...
Waiting for CAN device to be connected...
Waiting for CAN device to be connected...
Waiting for CAN device to be connected...
Waiting for CAN device to be connected...
Waiting for CAN device to be connected...
Waiting for CAN device to be connected...
Waiting for CAN device to be connected...
Waiting for CAN device to be connected...
Waiting for CAN device to be connected...
Waiting for CAN device to be connected...
Waiting for CAN device to be connected...
Waiting for CAN device to be connected...
Waiting for CAN device to be connected...
Waiting for CAN device to be connected...
Waiting for CAN device to be connected...
Waiting for CAN device to be connected...
Waiting for CAN device to be connected...
Waiting for CAN device to be connected...
Waiting for CAN device to be connected...
Waiting for CAN device to be connected...
Waiting for CAN device to be connected...
Waiting for CAN device to be connected...
Waiting for CAN device to be connected...
Waiting for CAN device to be connected...
CAN device not detected, exiting.
Finished telemetry display for trial number: 0
starting new session
Error getting next trial number: no such table: meta
Running telemetry display for trial number: 0
Waiting for CAN device to be connected...
Waiting for CAN device to be connected...
Waiting for CAN device to be connected...
Waiting for CAN device to be connected...
Waiting for CAN device to be connected...
Waiting for CAN device to be connected...
Waiting for CAN device to be connected...
Waiting for CAN device to be connected...
Waiting for CAN device to be connected...
Waiting for CAN device to be connected...
Waiting for CAN device to be connected...
Waiting for CAN device to be connected...
CAN device not detected, exiting.
Finished telemetry display for trial number: 0
Exception in thread Thread-1:
Traceback (most recent call last):
  File "/usr/lib/python3.7/threading.py", line 917, in _bootstrap_inner
    self.run()
  File "/usr/lib/python3.7/threading.py", line 865, in run
    self._target(*self._args, **self._kwargs)
  File "/home/pi/Manned_PEP/headless_gather.py", line 191, in read_can_messages
    store_frames_to_database(in_memory_data)
  File "/home/pi/Manned_PEP/Frames_database.py", line 70, in store_frames_to_database
    conn = sqlite3.connect(DATABASE_NAME)
sqlite3.OperationalError: unable to open database file

starting new session
Error getting next trial number: no such table: meta
Running telemetry display for trial number: 0
Finished telemetry display for trial number: 0
Traceback (most recent call last):
  File "/home/pi/Manned_PEP/headless_gather.py", line 228, in <module>
    formatted_data = format_can_message(msg_data)
  File "/home/pi/Manned_PEP/headless_gather.py", line 128, in format_can_message
    pdo_label = pdo_map.get(msg.id, "Unknown PDO")
AttributeError: 'dict' object has no attribute 'id'
Exception in thread Thread-1:
Traceback (most recent call last):
  File "/usr/lib/python3.7/threading.py", line 917, in _bootstrap_inner
    self.run()
  File "/usr/lib/python3.7/threading.py", line 865, in run
    self._target(*self._args, **self._kwargs)
  File "/home/pi/Manned_PEP/headless_gather.py", line 191, in read_can_messages
    store_frames_to_database(in_memory_data)
  File "/home/pi/Manned_PEP/Frames_database.py", line 70, in store_frames_to_database
    conn = sqlite3.connect(DATABASE_NAME)
sqlite3.OperationalError: unable to open database file

starting new session
Error getting next trial number: no such table: meta
Running telemetry display for trial number: 0
Finished telemetry display for trial number: 0
Traceback (most recent call last):
  File "/home/pi/Manned_PEP/headless_gather.py", line 228, in <module>
    formatted_data = format_can_message(msg_data)
  File "/home/pi/Manned_PEP/headless_gather.py", line 128, in format_can_message
    pdo_label = pdo_map.get(msg.id, "Unknown PDO")
AttributeError: 'dict' object has no attribute 'id'
Exception in thread Thread-1:
Traceback (most recent call last):
  File "/usr/lib/python3.7/threading.py", line 917, in _bootstrap_inner
    self.run()
  File "/usr/lib/python3.7/threading.py", line 865, in run
    self._target(*self._args, **self._kwargs)
  File "/home/pi/Manned_PEP/headless_gather.py", line 191, in read_can_messages
    store_frames_to_database(in_memory_data)
  File "/home/pi/Manned_PEP/Frames_database.py", line 70, in store_frames_to_database
    conn = sqlite3.connect(DATABASE_NAME)
sqlite3.OperationalError: unable to open database file

starting new session
Error getting next trial number: no such table: meta
Running telemetry display for trial number: 0
Finished telemetry display for trial number: 0
Traceback (most recent call last):
  File "/home/pi/Manned_PEP/headless_gather.py", line 228, in <module>
    formatted_data = format_can_message(msg_data)
  File "/home/pi/Manned_PEP/headless_gather.py", line 128, in format_can_message
    pdo_label = pdo_map.get(msg.id, "Unknown PDO")
AttributeError: 'dict' object has no attribute 'id'
Exception in thread Thread-1:
Traceback (most recent call last):
  File "/usr/lib/python3.7/threading.py", line 917, in _bootstrap_inner
    self.run()
  File "/usr/lib/python3.7/threading.py", line 865, in run
    self._target(*self._args, **self._kwargs)
  File "/home/pi/Manned_PEP/headless_gather.py", line 191, in read_can_messages
    store_frames_to_database(in_memory_data)
  File "/home/pi/Manned_PEP/Frames_database.py", line 70, in store_frames_to_database
    conn = sqlite3.connect(DATABASE_NAME)
sqlite3.OperationalError: unable to open database file

starting new session
Error getting next trial number: no such table: meta
Running telemetry display for trial number: 0
Finished telemetry display for trial number: 0
Traceback (most recent call last):
  File "/home/pi/Manned_PEP/headless_gather.py", line 228, in <module>
    formatted_data = format_can_message(msg_data)
  File "/home/pi/Manned_PEP/headless_gather.py", line 128, in format_can_message
    pdo_label = pdo_map.get(msg.id, "Unknown PDO")
AttributeError: 'dict' object has no attribute 'id'
Exception in thread Thread-1:
Traceback (most recent call last):
  File "/usr/lib/python3.7/threading.py", line 917, in _bootstrap_inner
    self.run()
  File "/usr/lib/python3.7/threading.py", line 865, in run
    self._target(*self._args, **self._kwargs)
  File "/home/pi/Manned_PEP/headless_gather.py", line 191, in read_can_messages
    store_frames_to_database(in_memory_data)
  File "/home/pi/Manned_PEP/Frames_database.py", line 70, in store_frames_to_database
    conn = sqlite3.connect(DATABASE_NAME)
sqlite3.OperationalError: unable to open database file

starting new session
Error getting next trial number: no such table: meta
Running telemetry display for trial number: 0
Finished telemetry display for trial number: 0
Traceback (most recent call last):
  File "/home/pi/Manned_PEP/headless_gather.py", line 228, in <module>
    formatted_data = format_can_message(msg_data)
  File "/home/pi/Manned_PEP/headless_gather.py", line 128, in format_can_message
    pdo_label = pdo_map.get(msg.id, "Unknown PDO")
AttributeError: 'dict' object has no attribute 'id'
starting new session
Error getting next trial number: no such table: meta
Running telemetry display for trial number: 0
Waiting for CAN device to be connected...
Waiting for CAN device to be connected...
Waiting for CAN device to be connected...
Waiting for CAN device to be connected...
Waiting for CAN device to be connected...
Waiting for CAN device to be connected...
Waiting for CAN device to be connected...
Waiting for CAN device to be connected...
Waiting for CAN device to be connected...
Waiting for CAN device to be connected...
Waiting for CAN device to be connected...
Waiting for CAN device to be connected...
CAN device not detected, exiting.
Finished telemetry display for trial number: 0
starting new session
Error getting next trial number: no such table: meta
Running telemetry display for trial number: 0
Waiting for CAN device to be connected...
Waiting for CAN device to be connected...
Waiting for CAN device to be connected...
Waiting for CAN device to be connected...
Waiting for CAN device to be connected...
Waiting for CAN device to be connected...
Waiting for CAN device to be connected...
Waiting for CAN device to be connected...
Waiting for CAN device to be connected...
Waiting for CAN device to be connected...
Waiting for CAN device to be connected...
Waiting for CAN device to be connected...
CAN device not detected, exiting.
Finished telemetry display for trial number: 0
